<?xml version="1.0" encoding="UTF-8"?>
<!-- Generated by org.testng.reporters.JUnitReportReporter -->
<testsuite hostname="rahul" failures="0" tests="1" name="com.whatsapp.testsuite.Register" time="84.691" errors="0" timestamp="2019-09-26T21:15:55 IST" skipped="0">
  <testcase classname="com.whatsapp.testsuite.Register" name="bookRide" time="84.691"/>
</testsuite> <!-- com.whatsapp.testsuite.Register -->
