<?xml version="1.0" encoding="UTF-8"?>
<!-- Generated by org.testng.reporters.JUnitReportReporter -->
<testsuite hostname="rahul" failures="0" tests="1" name="com.quickride.testsuite.BookRide" time="82.132" errors="0" timestamp="2019-09-26T22:34:55 IST" skipped="0">
  <testcase classname="com.quickride.testsuite.BookRide" name="bookRide" time="82.132"/>
</testsuite> <!-- com.quickride.testsuite.BookRide -->
